This is pdfTeX, Version 3.141592653-2.6-1.40.22 (TeX Live 2022/dev/Debian) (preloaded format=pdflatex 2024.6.29)  10 JUL 2024 16:49
entering extended mode
 restricted \write18 enabled.
 file:line:error style messages enabled.
 %&-line parsing enabled.
**main.tex
(./main.tex
LaTeX2e <2021-11-15> patch level 1
L3 programming layer <2022-01-21>
(/usr/share/texlive/texmf-dist/tex/latex/base/report.cls
Document Class: report 2021/10/04 v1.4n Standard LaTeX document class
(/usr/share/texlive/texmf-dist/tex/latex/base/size11.clo
File: size11.clo 2021/10/04 v1.4n Standard LaTeX file (size option)
)
\c@part=\count185
\c@chapter=\count186
\c@section=\count187
\c@subsection=\count188
\c@subsubsection=\count189
\c@paragraph=\count190
\c@subparagraph=\count191
\c@figure=\count192
\c@table=\count193
\abovecaptionskip=\skip47
\belowcaptionskip=\skip48
\bibindent=\dimen138
)
(/usr/share/texlive/texmf-dist/tex/latex/base/inputenc.sty
Package: inputenc 2021/02/14 v1.3d Input encoding file
\inpenc@prehook=\toks16
\inpenc@posthook=\toks17
)
(/usr/share/texlive/texmf-dist/tex/latex/notoccite/notoccite.sty
Package: notoccite 2000/07/20
)
(./feupteses.sty
Package: feupteses 2017/10/02 1.1.2 

Document Style `FEUP Teses' 1.1.2 <2017/10/02>
(/usr/share/texlive/texmf-dist/tex/generic/iftex/ifpdf.sty
Package: ifpdf 2019/10/25 v3.4 ifpdf legacy package. Use iftex instead.

(/usr/share/texlive/texmf-dist/tex/generic/iftex/iftex.sty
Package: iftex 2020/03/06 v1.0d TeX engine tests
))
(/usr/share/texlive/texmf-dist/tex/latex/base/fontenc.sty
Package: fontenc 2021/04/29 v2.0v Standard LaTeX package
)
(/usr/share/texlive/texmf-dist/tex/generic/babel/babel.sty
Package: babel 2022/01/26 3.70 The Babel package
\babel@savecnt=\count194
\U@D=\dimen139
\l@unhyphenated=\language87

(/usr/share/texlive/texmf-dist/tex/generic/babel/txtbabel.def)
\bbl@readstream=\read2
\bbl@dirlevel=\count195

(/usr/share/texlive/texmf-dist/tex/generic/babel-english/english.ldf
Language: english 2017/06/06 v3.3r English support from the babel system
Package babel Info: Hyphen rules for 'canadian' set to \l@english
(babel)             (\language0). Reported on input line 102.
Package babel Info: Hyphen rules for 'australian' set to \l@ukenglish
(babel)             (\language10). Reported on input line 105.
Package babel Info: Hyphen rules for 'newzealand' set to \l@ukenglish
(babel)             (\language10). Reported on input line 108.
))
(/usr/share/texlive/texmf-dist/tex/latex/geometry/geometry.sty
Package: geometry 2020/01/02 v5.9 Page Geometry

(/usr/share/texlive/texmf-dist/tex/latex/graphics/keyval.sty
Package: keyval 2014/10/28 v1.15 key=value parser (DPC)
\KV@toks@=\toks18
)
(/usr/share/texlive/texmf-dist/tex/generic/iftex/ifvtex.sty
Package: ifvtex 2019/10/25 v1.7 ifvtex legacy package. Use iftex instead.
)
\Gm@cnth=\count196
\Gm@cntv=\count197
\c@Gm@tempcnt=\count198
\Gm@bindingoffset=\dimen140
\Gm@wd@mp=\dimen141
\Gm@odd@mp=\dimen142
\Gm@even@mp=\dimen143
\Gm@layoutwidth=\dimen144
\Gm@layoutheight=\dimen145
\Gm@layouthoffset=\dimen146
\Gm@layoutvoffset=\dimen147
\Gm@dimlist=\toks19
)
(/usr/share/texlive/texmf-dist/tex/latex/psnfss/mathptmx.sty
Package: mathptmx 2020/03/25 PSNFSS-v9.3 Times w/ Math, improved (SPQR, WaS) 
LaTeX Font Info:    Redeclaring symbol font `operators' on input line 28.
LaTeX Font Info:    Overwriting symbol font `operators' in version `normal'
(Font)                  OT1/cmr/m/n --> OT1/ztmcm/m/n on input line 28.
LaTeX Font Info:    Overwriting symbol font `operators' in version `bold'
(Font)                  OT1/cmr/bx/n --> OT1/ztmcm/m/n on input line 28.
LaTeX Font Info:    Redeclaring symbol font `letters' on input line 29.
LaTeX Font Info:    Overwriting symbol font `letters' in version `normal'
(Font)                  OML/cmm/m/it --> OML/ztmcm/m/it on input line 29.
LaTeX Font Info:    Overwriting symbol font `letters' in version `bold'
(Font)                  OML/cmm/b/it --> OML/ztmcm/m/it on input line 29.
LaTeX Font Info:    Redeclaring symbol font `symbols' on input line 30.
LaTeX Font Info:    Overwriting symbol font `symbols' in version `normal'
(Font)                  OMS/cmsy/m/n --> OMS/ztmcm/m/n on input line 30.
LaTeX Font Info:    Overwriting symbol font `symbols' in version `bold'
(Font)                  OMS/cmsy/b/n --> OMS/ztmcm/m/n on input line 30.
LaTeX Font Info:    Redeclaring symbol font `largesymbols' on input line 31.
LaTeX Font Info:    Overwriting symbol font `largesymbols' in version `normal'
(Font)                  OMX/cmex/m/n --> OMX/ztmcm/m/n on input line 31.
LaTeX Font Info:    Overwriting symbol font `largesymbols' in version `bold'
(Font)                  OMX/cmex/m/n --> OMX/ztmcm/m/n on input line 31.
\symbold=\mathgroup4
\symitalic=\mathgroup5
LaTeX Font Info:    Redeclaring math alphabet \mathbf on input line 34.
LaTeX Font Info:    Overwriting math alphabet `\mathbf' in version `normal'
(Font)                  OT1/cmr/bx/n --> OT1/ptm/bx/n on input line 34.
LaTeX Font Info:    Overwriting math alphabet `\mathbf' in version `bold'
(Font)                  OT1/cmr/bx/n --> OT1/ptm/bx/n on input line 34.
LaTeX Font Info:    Redeclaring math alphabet \mathit on input line 35.
LaTeX Font Info:    Overwriting math alphabet `\mathit' in version `normal'
(Font)                  OT1/cmr/m/it --> OT1/ptm/m/it on input line 35.
LaTeX Font Info:    Overwriting math alphabet `\mathit' in version `bold'
(Font)                  OT1/cmr/bx/it --> OT1/ptm/m/it on input line 35.
LaTeX Info: Redefining \hbar on input line 50.
)
(/usr/share/texlive/texmf-dist/tex/latex/courier-scaled/couriers.sty
Package: couriers 2004/07/10 Scaled Courier (HS) 
)
(/usr/share/texlive/texmf-dist/tex/latex/psnfss/helvet.sty
Package: helvet 2020/03/25 PSNFSS-v9.3 (WaS) 
)
(/usr/share/texlive/texmf-dist/tex/latex/graphics/graphicx.sty
Package: graphicx 2021/09/16 v1.2d Enhanced LaTeX Graphics (DPC,SPQR)

(/usr/share/texlive/texmf-dist/tex/latex/graphics/graphics.sty
Package: graphics 2021/03/04 v1.4d Standard LaTeX Graphics (DPC,SPQR)

(/usr/share/texlive/texmf-dist/tex/latex/graphics/trig.sty
Package: trig 2021/08/11 v1.11 sin cos tan (DPC)
)
(/usr/share/texlive/texmf-dist/tex/latex/graphics-cfg/graphics.cfg
File: graphics.cfg 2016/06/04 v1.11 sample graphics configuration
)
Package graphics Info: Driver file: pdftex.def on input line 107.

(/usr/share/texlive/texmf-dist/tex/latex/graphics-def/pdftex.def
File: pdftex.def 2020/10/05 v1.2a Graphics/color driver for pdftex
))
\Gin@req@height=\dimen148
\Gin@req@width=\dimen149
)
(/usr/share/texlive/texmf-dist/tex/latex/url/url.sty
\Urlmuskip=\muskip16
Package: url 2013/09/16  ver 3.4  Verb mode for urls, etc.
)
(/usr/share/texlive/texmf-dist/tex/latex/setspace/setspace.sty
Package: setspace 2011/12/19 v6.7a set line spacing
)
(/usr/share/texlive/texmf-dist/tex/latex/base/makeidx.sty
Package: makeidx 2021/10/04 v1.0m Standard LaTeX package
)
(/usr/share/texlive/texmf-dist/tex/latex/caption/caption.sty
Package: caption 2020/10/26 v3.5g Customizing captions (AR)

(/usr/share/texlive/texmf-dist/tex/latex/caption/caption3.sty
Package: caption3 2020/10/21 v2.2e caption3 kernel (AR)
\captionmargin=\dimen150
\captionmargin@=\dimen151
\captionwidth=\dimen152
\caption@tempdima=\dimen153
\caption@indent=\dimen154
\caption@parindent=\dimen155
\caption@hangindent=\dimen156
Package caption Info: Standard document class detected.
)
\c@caption@flags=\count199
\c@continuedfloat=\count266
) (./lineno.sty
Package: lineno 2005/11/02 line numbers on paragraphs v4.41
\linenopenalty=\count267
\output=\toks20
\linenoprevgraf=\count268
\linenumbersep=\dimen157
\linenumberwidth=\dimen158
\c@linenumber=\count269
\c@pagewiselinenumber=\count270
\c@LN@truepage=\count271
\c@internallinenumber=\count272
\c@internallinenumbers=\count273
\quotelinenumbersep=\dimen159
\bframerule=\dimen160
\bframesep=\dimen161
\bframebox=\box50
LaTeX Info: Redefining \\ on input line 3056.
)
(/usr/share/texlive/texmf-dist/tex/latex/xcolor/xcolor.sty
Package: xcolor 2021/10/31 v2.13 LaTeX color extensions (UK)

(/usr/share/texlive/texmf-dist/tex/latex/graphics-cfg/color.cfg
File: color.cfg 2016/01/02 v1.6 sample color configuration
)
Package xcolor Info: Driver file: pdftex.def on input line 227.
Package xcolor Info: Model `cmy' substituted by `cmy0' on input line 1352.
Package xcolor Info: Model `hsb' substituted by `rgb' on input line 1356.
Package xcolor Info: Model `RGB' extended on input line 1368.
Package xcolor Info: Model `HTML' substituted by `rgb' on input line 1370.
Package xcolor Info: Model `Hsb' substituted by `hsb' on input line 1371.
Package xcolor Info: Model `tHsb' substituted by `hsb' on input line 1372.
Package xcolor Info: Model `HSB' substituted by `hsb' on input line 1373.
Package xcolor Info: Model `Gray' substituted by `gray' on input line 1374.
Package xcolor Info: Model `wave' substituted by `hsb' on input line 1375.
)
\@vivatext=\box51
\@supervisorstext=\box52

(/usr/share/texlive/texmf-dist/tex/latex/fancyhdr/fancyhdr.sty
Package: fancyhdr 2021/01/28 v4.0.1 Extensive control of page headers and foote
rs
\f@nch@headwidth=\skip49
\f@nch@O@elh=\skip50
\f@nch@O@erh=\skip51
\f@nch@O@olh=\skip52
\f@nch@O@orh=\skip53
\f@nch@O@elf=\skip54
\f@nch@O@erf=\skip55
\f@nch@O@olf=\skip56
\f@nch@O@orf=\skip57
)
(/usr/share/texlive/texmf-dist/tex/latex/hyperref/hyperref.sty
Package: hyperref 2021-06-07 v7.00m Hypertext links for LaTeX

(/usr/share/texlive/texmf-dist/tex/generic/ltxcmds/ltxcmds.sty
Package: ltxcmds 2020-05-10 v1.25 LaTeX kernel commands for general use (HO)
)
(/usr/share/texlive/texmf-dist/tex/generic/pdftexcmds/pdftexcmds.sty
Package: pdftexcmds 2020-06-27 v0.33 Utility functions of pdfTeX for LuaTeX (HO
)

(/usr/share/texlive/texmf-dist/tex/generic/infwarerr/infwarerr.sty
Package: infwarerr 2019/12/03 v1.5 Providing info/warning/error messages (HO)
)
Package pdftexcmds Info: \pdf@primitive is available.
Package pdftexcmds Info: \pdf@ifprimitive is available.
Package pdftexcmds Info: \pdfdraftmode found.
)
(/usr/share/texlive/texmf-dist/tex/generic/kvsetkeys/kvsetkeys.sty
Package: kvsetkeys 2019/12/15 v1.18 Key value parser (HO)
)
(/usr/share/texlive/texmf-dist/tex/generic/kvdefinekeys/kvdefinekeys.sty
Package: kvdefinekeys 2019-12-19 v1.6 Define keys (HO)
)
(/usr/share/texlive/texmf-dist/tex/generic/pdfescape/pdfescape.sty
Package: pdfescape 2019/12/09 v1.15 Implements pdfTeX's escape features (HO)
)
(/usr/share/texlive/texmf-dist/tex/latex/hycolor/hycolor.sty
Package: hycolor 2020-01-27 v1.10 Color options for hyperref/bookmark (HO)
)
(/usr/share/texlive/texmf-dist/tex/latex/letltxmacro/letltxmacro.sty
Package: letltxmacro 2019/12/03 v1.6 Let assignment for LaTeX macros (HO)
)
(/usr/share/texlive/texmf-dist/tex/latex/auxhook/auxhook.sty
Package: auxhook 2019-12-17 v1.6 Hooks for auxiliary files (HO)
)
(/usr/share/texlive/texmf-dist/tex/latex/kvoptions/kvoptions.sty
Package: kvoptions 2020-10-07 v3.14 Key value format for package options (HO)
)
\@linkdim=\dimen162
\Hy@linkcounter=\count274
\Hy@pagecounter=\count275

(/usr/share/texlive/texmf-dist/tex/latex/hyperref/pd1enc.def
File: pd1enc.def 2021-06-07 v7.00m Hyperref: PDFDocEncoding definition (HO)
Now handling font encoding PD1 ...
... no UTF-8 mapping file for font encoding PD1
)
(/usr/share/texlive/texmf-dist/tex/latex/hyperref/hyperref-langpatches.def
File: hyperref-langpatches.def 2021-06-07 v7.00m Hyperref: patches for babel la
nguages
)
(/usr/share/texlive/texmf-dist/tex/generic/intcalc/intcalc.sty
Package: intcalc 2019/12/15 v1.3 Expandable calculations with integers (HO)
)
(/usr/share/texlive/texmf-dist/tex/generic/etexcmds/etexcmds.sty
Package: etexcmds 2019/12/15 v1.7 Avoid name clashes with e-TeX commands (HO)
)
\Hy@SavedSpaceFactor=\count276

(/usr/share/texlive/texmf-dist/tex/latex/hyperref/puenc.def
File: puenc.def 2021-06-07 v7.00m Hyperref: PDF Unicode definition (HO)
Now handling font encoding PU ...
... no UTF-8 mapping file for font encoding PU
)
Package hyperref Info: Option `pdfpagelabels' set `true' on input line 4073.
Package hyperref Info: Option `bookmarks' set `true' on input line 4073.
Package hyperref Info: Option `hyperindex' set `true' on input line 4073.
Package hyperref Info: Option `hyperfigures' set `true' on input line 4073.
Package hyperref Info: Hyper figures ON on input line 4190.
Package hyperref Info: Link nesting OFF on input line 4197.
Package hyperref Info: Hyper index ON on input line 4200.
Package hyperref Info: Plain pages OFF on input line 4207.
Package hyperref Info: Backreferencing OFF on input line 4212.
Package hyperref Info: Implicit mode ON; LaTeX internals redefined.
Package hyperref Info: Bookmarks ON on input line 4445.
\c@Hy@tempcnt=\count277
LaTeX Info: Redefining \url on input line 4804.
\XeTeXLinkMargin=\dimen163

(/usr/share/texlive/texmf-dist/tex/generic/bitset/bitset.sty
Package: bitset 2019/12/09 v1.3 Handle bit-vector datatype (HO)

(/usr/share/texlive/texmf-dist/tex/generic/bigintcalc/bigintcalc.sty
Package: bigintcalc 2019/12/15 v1.5 Expandable calculations on big integers (HO
)
))
\Fld@menulength=\count278
\Field@Width=\dimen164
\Fld@charsize=\dimen165
Package hyperref Info: Hyper figures ON on input line 6074.
Package hyperref Info: Link nesting OFF on input line 6081.
Package hyperref Info: Hyper index ON on input line 6084.
Package hyperref Info: backreferencing OFF on input line 6091.
Package hyperref Info: Link coloring OFF on input line 6096.
Package hyperref Info: Link coloring with OCG OFF on input line 6101.
Package hyperref Info: PDF/A mode OFF on input line 6106.
LaTeX Info: Redefining \ref on input line 6146.
LaTeX Info: Redefining \pageref on input line 6150.

(/usr/share/texlive/texmf-dist/tex/latex/base/atbegshi-ltx.sty
Package: atbegshi-ltx 2021/01/10 v1.0c Emulation of the original atbegshi
package with kernel methods
)
\Hy@abspage=\count279
\c@Item=\count280
\c@Hfootnote=\count281
)
Package hyperref Info: Driver: hpdftex.

(/usr/share/texlive/texmf-dist/tex/latex/hyperref/hpdftex.def
File: hpdftex.def 2021-06-07 v7.00m Hyperref driver for pdfTeX

(/usr/share/texlive/texmf-dist/tex/latex/base/atveryend-ltx.sty
Package: atveryend-ltx 2020/08/19 v1.0a Emulation of the original atveryend pac
kage
with kernel methods
)
\Fld@listcount=\count282
\c@bookmark@seq@number=\count283

(/usr/share/texlive/texmf-dist/tex/latex/rerunfilecheck/rerunfilecheck.sty
Package: rerunfilecheck 2019/12/05 v1.9 Rerun checks for auxiliary files (HO)

(/usr/share/texlive/texmf-dist/tex/generic/uniquecounter/uniquecounter.sty
Package: uniquecounter 2019/12/15 v1.4 Provide unlimited unique counter (HO)
)
Package uniquecounter Info: New unique counter `rerunfilecheck' on input line 2
86.
)
\Hy@SectionHShift=\skip58
)
Package hyperref Info: Option `plainpages' set `false' on input line 412.
Package hyperref Info: Option `bookmarksopen' set `false' on input line 412.
Package hyperref Info: Option `bookmarksnumbered' set `true' on input line 412.

Package hyperref Info: Option `breaklinks' set `true' on input line 412.
Package hyperref Info: Option `linktocpage' set `true' on input line 412.
Package hyperref Info: Option `colorlinks' set `true' on input line 412.
)
(/usr/share/texlive/texmf-dist/tex/latex/subfig/subfig.sty
Package: subfig 2005/06/28 ver: 1.3 subfig package
\c@KVtest=\count284
\sf@farskip=\skip59
\sf@captopadj=\dimen166
\sf@capskip=\skip60
\sf@nearskip=\skip61
\c@subfigure=\count285
\c@subfigure@save=\count286
\c@lofdepth=\count287
\c@subtable=\count288
\c@subtable@save=\count289
\c@lotdepth=\count290
\sf@top=\skip62
\sf@bottom=\skip63
)
(/usr/share/texlive/texmf-dist/tex/latex/float/float.sty
Package: float 2001/11/08 v1.3d Float enhancements (AL)
\c@float@type=\count291
\float@exts=\toks21
\float@box=\box53
\@float@everytoks=\toks22
\@floatcapt=\box54
)
(/usr/share/texlive/texmf-dist/tex/latex/tools/longtable.sty
Package: longtable 2021-09-01 v4.17 Multi-page Table package (DPC)
\LTleft=\skip64
\LTright=\skip65
\LTpre=\skip66
\LTpost=\skip67
\LTchunksize=\count292
\LTcapwidth=\dimen167
\LT@head=\box55
\LT@firsthead=\box56
\LT@foot=\box57
\LT@lastfoot=\box58
\LT@gbox=\box59
\LT@cols=\count293
\LT@rows=\count294
\c@LT@tables=\count295
\c@LT@chunks=\count296
\LT@p@ftn=\toks23
)
(/usr/share/texlive/texmf-dist/tex/latex/lipsum/lipsum.sty
(/usr/share/texlive/texmf-dist/tex/latex/l3packages/l3keys2e/l3keys2e.sty
(/usr/share/texlive/texmf-dist/tex/latex/l3kernel/expl3.sty
Package: expl3 2022-01-21 L3 programming layer (loader) 

(/usr/share/texlive/texmf-dist/tex/latex/l3backend/l3backend-pdftex.def
File: l3backend-pdftex.def 2022-01-12 L3 backend support: PDF output (pdfTeX)
\l__color_backend_stack_int=\count297
\l__pdf_internal_box=\box60
))
Package: l3keys2e 2022-01-12 LaTeX2e option processing using LaTeX3 keys
)
Package: lipsum 2021-09-20 v2.7 150 paragraphs of Lorem Ipsum dummy text
\g__lipsum_par_int=\count298
\l__lipsum_a_int=\count299
\l__lipsum_b_int=\count300

(/usr/share/texlive/texmf-dist/tex/latex/lipsum/lipsum.ltd.tex))
(/usr/share/texlive/texmf-dist/tex/latex/listings/listings.sty
\lst@mode=\count301
\lst@gtempboxa=\box61
\lst@token=\toks24
\lst@length=\count302
\lst@currlwidth=\dimen168
\lst@column=\count303
\lst@pos=\count304
\lst@lostspace=\dimen169
\lst@width=\dimen170
\lst@newlines=\count305
\lst@lineno=\count306
\lst@maxwidth=\dimen171

(/usr/share/texlive/texmf-dist/tex/latex/listings/lstmisc.sty
File: lstmisc.sty 2020/03/24 1.8d (Carsten Heinz)
\c@lstnumber=\count307
\lst@skipnumbers=\count308
\lst@framebox=\box62
)
(/usr/share/texlive/texmf-dist/tex/latex/listings/listings.cfg
File: listings.cfg 2020/03/24 1.8d listings configuration
))
Package: listings 2020/03/24 1.8d (Carsten Heinz)

(/usr/share/texlive/texmf-dist/tex/latex/listings/lstlang1.sty
File: lstlang1.sty 2020/03/24 1.8d listings language file
)
(/usr/share/texlive/texmf-dist/tex/latex/listings/lstmisc.sty
File: lstmisc.sty 2020/03/24 1.8d (Carsten Heinz)
)

LaTeX Warning: \include should only be used after \begin{document} on input lin
e 58.

(./macros.tex)
LaTeX Font Info:    Trying to load font information for T1+ptm on input line 64
.
 (/usr/share/texlive/texmf-dist/tex/latex/psnfss/t1ptm.fd
File: t1ptm.fd 2001/06/04 font definitions for T1/ptm.
)
(/home/carol/Downloads/Dissertation_doc/out/main.aux
(/home/carol/Downloads/Dissertation_doc/out/00_resumo.aux)
(/home/carol/Downloads/Dissertation_doc/out/00_abstract.aux)
(/home/carol/Downloads/Dissertation_doc/out/00_ODS.aux)
(/home/carol/Downloads/Dissertation_doc/out/00_acknows.aux)
(/home/carol/Downloads/Dissertation_doc/out/00_abbrevs.aux)
(/home/carol/Downloads/Dissertation_doc/out/01_introduction.aux)
(/home/carol/Downloads/Dissertation_doc/out/02_state_of_the_art.aux)
(/home/carol/Downloads/Dissertation_doc/out/03_sys_specs_design_impl.aux)
(/home/carol/Downloads/Dissertation_doc/out/04_sys_validation.aux)
(/home/carol/Downloads/Dissertation_doc/out/05_conclusions.aux)
(/home/carol/Downloads/Dissertation_doc/out/99_appendix.aux))
\openout1 = `main.aux'.

LaTeX Font Info:    Checking defaults for OML/cmm/m/it on input line 64.
LaTeX Font Info:    ... okay on input line 64.
LaTeX Font Info:    Checking defaults for OMS/cmsy/m/n on input line 64.
LaTeX Font Info:    ... okay on input line 64.
LaTeX Font Info:    Checking defaults for OT1/cmr/m/n on input line 64.
LaTeX Font Info:    ... okay on input line 64.
LaTeX Font Info:    Checking defaults for T1/cmr/m/n on input line 64.
LaTeX Font Info:    ... okay on input line 64.
LaTeX Font Info:    Checking defaults for TS1/cmr/m/n on input line 64.
LaTeX Font Info:    ... okay on input line 64.
LaTeX Font Info:    Checking defaults for OMX/cmex/m/n on input line 64.
LaTeX Font Info:    ... okay on input line 64.
LaTeX Font Info:    Checking defaults for U/cmr/m/n on input line 64.
LaTeX Font Info:    ... okay on input line 64.
LaTeX Font Info:    Checking defaults for PD1/pdf/m/n on input line 64.
LaTeX Font Info:    ... okay on input line 64.
LaTeX Font Info:    Checking defaults for PU/pdf/m/n on input line 64.
LaTeX Font Info:    ... okay on input line 64.

*geometry* driver: auto-detecting
*geometry* detected driver: pdftex
*geometry* verbose mode - [ preamble ] result:
* driver: pdftex
* paper: a4paper
* layout: <same size as paper>
* layoutoffset:(h,v)=(0.0pt,0.0pt)
* modes: includehead includefoot 
* h-part:(L,W,R)=(99.58464pt, 426.79135pt, 71.13188pt)
* v-part:(T,H,B)=(56.9055pt, 731.23584pt, 56.9055pt)
* \paperwidth=597.50787pt
* \paperheight=845.04684pt
* \textwidth=426.79135pt
* \textheight=661.23584pt
* \oddsidemargin=27.31465pt
* \evensidemargin=27.31465pt
* \topmargin=-15.36449pt
* \headheight=15.5pt
* \headsep=25.0pt
* \topskip=11.0pt
* \footskip=30.0pt
* \marginparwidth=50.0pt
* \marginparsep=10.0pt
* \columnsep=10.0pt
* \skip\footins=10.0pt plus 4.0pt minus 2.0pt
* \hoffset=0.0pt
* \voffset=0.0pt
* \mag=1000
* \@twocolumnfalse
* \@twosidefalse
* \@mparswitchfalse
* \@reversemarginfalse
* (1in=72.27pt=25.4mm, 1cm=28.453pt)

\big@size=\dimen172
(/usr/share/texlive/texmf-dist/tex/context/base/mkii/supp-pdf.mkii
[Loading MPS to PDF converter (version 2006.09.02).]
\scratchcounter=\count309
\scratchdimen=\dimen173
\scratchbox=\box63
\nofMPsegments=\count310
\nofMParguments=\count311
\everyMPshowfont=\toks25
\MPscratchCnt=\count312
\MPscratchDim=\dimen174
\MPnumerator=\count313
\makeMPintoPDFobject=\count314
\everyMPtoPDFconversion=\toks26
) (/usr/share/texlive/texmf-dist/tex/latex/epstopdf-pkg/epstopdf-base.sty
Package: epstopdf-base 2020-01-24 v2.11 Base part for package epstopdf
Package epstopdf-base Info: Redefining graphics rule for `.eps' on input line 4
85.

(/usr/share/texlive/texmf-dist/tex/latex/latexconfig/epstopdf-sys.cfg
File: epstopdf-sys.cfg 2010/07/13 v1.3 Configuration of (r)epstopdf for TeX Liv
e
))
Package caption Info: Begin \AtBeginDocument code.
Package caption Info: subfig package v1.3 is loaded.
Package caption Info: float package is loaded.
Package caption Info: hyperref package is loaded.
Package caption Info: listings package is loaded.
Package caption Info: longtable package is loaded.

(/usr/share/texlive/texmf-dist/tex/latex/caption/ltcaption.sty
Package: ltcaption 2020/05/30 v1.4b longtable captions (AR)
)
Package caption Info: End \AtBeginDocument code.
Package hyperref Info: Link coloring ON on input line 64.

(/usr/share/texlive/texmf-dist/tex/latex/hyperref/nameref.sty
Package: nameref 2021-04-02 v2.47 Cross-referencing by name of section

(/usr/share/texlive/texmf-dist/tex/latex/refcount/refcount.sty
Package: refcount 2019/12/15 v3.6 Data extraction from label references (HO)
)
(/usr/share/texlive/texmf-dist/tex/generic/gettitlestring/gettitlestring.sty
Package: gettitlestring 2019/12/15 v1.6 Cleanup title references (HO)
)
\c@section@level=\count315
)
LaTeX Info: Redefining \ref on input line 64.
LaTeX Info: Redefining \pageref on input line 64.
LaTeX Info: Redefining \nameref on input line 64.

(/home/carol/Downloads/Dissertation_doc/out/main.out)
(/home/carol/Downloads/Dissertation_doc/out/main.out)
\@outlinefile=\write3
\openout3 = `main.out'.

\c@lstlisting=\count316
\@crestbox=\box64
<figures//uporto-feup.pdf, id=233, 338.26375pt x 126.4725pt>
File: figures//uporto-feup.pdf Graphic file (type pdf)
<use figures//uporto-feup.pdf>
Package pdftex.def Info: figures//uporto-feup.pdf  used on input line 101.
(pdftex.def)             Requested size: 204.85983pt x 76.59618pt.
 [-3


{/var/lib/texmf/fonts/map/pdftex/updmap/pdftex.map} <./figures//uporto-feup.pdf
>]
LaTeX Font Info:    Trying to load font information for TS1+ptm on input line 1
01.

(/usr/share/texlive/texmf-dist/tex/latex/psnfss/ts1ptm.fd
File: ts1ptm.fd 2001/06/04 font definitions for TS1/ptm.
) [-2

]
\openout2 = `00_resumo.aux'.


(./00_resumo.tex) [1




]
\openout2 = `00_abstract.aux'.

 (./00_abstract.tex) [2





]
\openout2 = `00_ODS.aux'.

 (./00_ODS.tex

Package caption Warning: \label without proper reference on input line 24.
See the caption package documentation for explanation.


LaTeX Warning: Reference `tab:ODS_table' on page iii undefined on input line 13
.

LaTeX Font Info:    Trying to load font information for OT1+ztmcm on input line
 17.
(/usr/share/texlive/texmf-dist/tex/latex/psnfss/ot1ztmcm.fd
File: ot1ztmcm.fd 2000/01/03 Fontinst v1.801 font definitions for OT1/ztmcm.
)
LaTeX Font Info:    Trying to load font information for OML+ztmcm on input line
 17.

(/usr/share/texlive/texmf-dist/tex/latex/psnfss/omlztmcm.fd
File: omlztmcm.fd 2000/01/03 Fontinst v1.801 font definitions for OML/ztmcm.
)
LaTeX Font Info:    Trying to load font information for OMS+ztmcm on input line
 17.

(/usr/share/texlive/texmf-dist/tex/latex/psnfss/omsztmcm.fd
File: omsztmcm.fd 2000/01/03 Fontinst v1.801 font definitions for OMS/ztmcm.
)
LaTeX Font Info:    Trying to load font information for OMX+ztmcm on input line
 17.

(/usr/share/texlive/texmf-dist/tex/latex/psnfss/omxztmcm.fd
File: omxztmcm.fd 2000/01/03 Fontinst v1.801 font definitions for OMX/ztmcm.
)
LaTeX Font Info:    Trying to load font information for OT1+ptm on input line 1
7.

(/usr/share/texlive/texmf-dist/tex/latex/psnfss/ot1ptm.fd
File: ot1ptm.fd 2001/06/04 font definitions for OT1/ptm.
)
LaTeX Font Info:    Font shape `OT1/ptm/bx/n' in size <10.95> not available
(Font)              Font shape `OT1/ptm/b/n' tried instead on input line 17.
LaTeX Font Info:    Font shape `OT1/ptm/bx/n' in size <8> not available
(Font)              Font shape `OT1/ptm/b/n' tried instead on input line 17.
LaTeX Font Info:    Font shape `OT1/ptm/bx/n' in size <6> not available
(Font)              Font shape `OT1/ptm/b/n' tried instead on input line 17.
 [3





]) [4]
\openout2 = `00_acknows.aux'.


(./00_acknows.tex) [5





] (/home/carol/Downloads/Dissertation_doc/out/main.toc
[6




])
\tf@toc=\write4
\openout4 = `main.toc'.

 [7] (/home/carol/Downloads/Dissertation_doc/out/main.lof)
\tf@lof=\write5
\openout5 = `main.lof'.

 [8


]
(/home/carol/Downloads/Dissertation_doc/out/main.lot)
\tf@lot=\write6
\openout6 = `main.lot'.

 [9


]
\openout2 = `00_abbrevs.aux'.

 (./00_abbrevs.tex
[10


]
Overfull \vbox (55.11433pt too high) has occurred while \output is active []


[11]) [12]
\openout2 = `01_introduction.aux'.

 (./01_introduction.tex
Chapter 1.
[1





]
<figures/urban_scenario.png, id=415, 239.09325pt x 135.50626pt>
File: figures/urban_scenario.png Graphic file (type png)
<use figures/urban_scenario.png>
Package pdftex.def Info: figures/urban_scenario.png  used on input line 18.
(pdftex.def)             Requested size: 239.09265pt x 135.5059pt.
 [2 <./figures/urban_scenario.png>] [3]) [4]
\openout2 = `02_state_of_the_art.aux'.

 (./02_state_of_the_art.tex
Chapter 2.
[5




]
<figures/capabilities 6g.png, id=458, 483.0045pt x 336.0555pt>
File: figures/capabilities 6g.png Graphic file (type png)
<use figures/capabilities 6g.png>
Package pdftex.def Info: figures/capabilities 6g.png  used on input line 15.
(pdftex.def)             Requested size: 341.43437pt x 237.555pt.
 [6 <./figures/capabilities 6g.png>]
<figures/usage 6g.png, id=472, 463.7325pt x 374.5995pt>
File: figures/usage 6g.png Graphic file (type png)
<use figures/usage 6g.png>
Package pdftex.def Info: figures/usage 6g.png  used on input line 33.
(pdftex.def)             Requested size: 213.39568pt x 172.38074pt.
<figures/5g NR.png, id=479, 327.624pt x 165.61874pt>
File: figures/5g NR.png Graphic file (type png)
<use figures/5g NR.png>
Package pdftex.def Info: figures/5g NR.png  used on input line 49.
(pdftex.def)             Requested size: 298.75264pt x 151.03676pt.
 [7 <./figures/usage 6g.png>] [8 <./figures/5g NR.png>]
<figures/RRU_BBU.png, id=496, 242.70676pt x 149.96025pt>
File: figures/RRU_BBU.png Graphic file (type png)
<use figures/RRU_BBU.png>
Package pdftex.def Info: figures/RRU_BBU.png  used on input line 67.
(pdftex.def)             Requested size: 213.39568pt x 131.851pt.
<figures/cRAN.png, id=500, 263.7855pt x 143.93774pt>
File: figures/cRAN.png Graphic file (type png)
<use figures/cRAN.png>
Package pdftex.def Info: figures/cRAN.png  used on input line 80.
(pdftex.def)             Requested size: 213.39568pt x 116.44176pt.
 [9 <./figures/RRU_BBU.png>]
<figures/gnb_diss.png, id=510, 387.24675pt x 235.47975pt>
File: figures/gnb_diss.png Graphic file (type png)
<use figures/gnb_diss.png>
Package pdftex.def Info: figures/gnb_diss.png  used on input line 92.
(pdftex.def)             Requested size: 256.07741pt x 155.72612pt.
 [10 <./figures/cRAN.png> <./figures/gnb_diss.png>]
<figures/ORAN.png, id=524, 458.31226pt x 295.1025pt>
File: figures/ORAN.png Graphic file (type png)
<use figures/ORAN.png>
Package pdftex.def Info: figures/ORAN.png  used on input line 105.
(pdftex.def)             Requested size: 256.07741pt x 164.89603pt.
 [11 <./figures/ORAN.png>] [12]
<figures/E2_stack.png, id=539, 237.88875pt x 274.02374pt>
File: figures/E2_stack.png Graphic file (type png)
<use figures/E2_stack.png>
Package pdftex.def Info: figures/E2_stack.png  used on input line 155.
(pdftex.def)             Requested size: 256.07741pt x 294.9879pt.


LaTeX Warning: Citation `E2GAP' on page 13 undefined on input line 156.


LaTeX Warning: Citation `E2GAP' on page 13 undefined on input line 156.

[13]

LaTeX Warning: Citation `ITU_T_C691' on page 14 undefined on input line 161.

[14 <./figures/E2_stack.png>] [15]
<figures/single vs two.png, id=561, 474.573pt x 413.74574pt>
File: figures/single vs two.png Graphic file (type png)
<use figures/single vs two.png>
Package pdftex.def Info: figures/single vs two.png  used on input line 203.
(pdftex.def)             Requested size: 256.07741pt x 223.25523pt.
 [16 <./figures/single vs two.png>] [17]
[18]
<figures/yolov7.png, id=602, 233.07076pt x 176.45924pt>
File: figures/yolov7.png Graphic file (type png)
<use figures/yolov7.png>
Package pdftex.def Info: figures/yolov7.png  used on input line 258.
(pdftex.def)             Requested size: 256.07741pt x 193.88226pt.
 [19 <./figures/yolov7.png>]
<figures/botsort.png, id=617, 849.1725pt x 316.18124pt>
File: figures/botsort.png Graphic file (type png)
<use figures/botsort.png>
Package pdftex.def Info: figures/botsort.png  used on input line 274.
(pdftex.def)             Requested size: 256.07741pt x 95.3472pt.
 [20 <./figures/botsort.png>] [21] [22]
[23]
<figures/chamber_converge.png, id=664, 433.62pt x 331.2375pt>
File: figures/chamber_converge.png Graphic file (type png)
<use figures/chamber_converge.png>
Package pdftex.def Info: figures/chamber_converge.png  used on input line 342.
(pdftex.def)             Requested size: 298.75264pt x 228.22559pt.
 [24]
<figures/arch_converge.png, id=674, 916.6245pt x 385.44pt>
File: figures/arch_converge.png Graphic file (type png)
<use figures/arch_converge.png>
Package pdftex.def Info: figures/arch_converge.png  used on input line 365.
(pdftex.def)             Requested size: 426.79135pt x 179.46887pt.
 [25 <./figures/chamber_converge.png>]) [26 <./figures/arch_converge.png>] [27]
\openout2 = `03_sys_specs_design_impl.aux'.

 (./03_sys_specs_design_impl.tex
Chapter 3.
[28




]
<figures/uporto-feup.pdf, id=711, 338.26375pt x 126.4725pt>
File: figures/uporto-feup.pdf Graphic file (type pdf)
<use figures/uporto-feup.pdf>
Package pdftex.def Info: figures/uporto-feup.pdf  used on input line 53.
(pdftex.def)             Requested size: 213.39568pt x 79.78809pt.
 [29 <./figures/uporto-feup.pdf>]
<figures/VisionModule_ProtocolStack.drawio(2).png, id=730, 372.39125pt x 593.21
625pt>
File: figures/VisionModule_ProtocolStack.drawio(2).png Graphic file (type png)
<use figures/VisionModule_ProtocolStack.drawio(2).png>
Package pdftex.def Info: figures/VisionModule_ProtocolStack.drawio(2).png  used
 on input line 65.
(pdftex.def)             Requested size: 149.37958pt x 237.97023pt.
 [30 <./figures/VisionModule_ProtocolStack.drawio(2).png>]
Overfull \hbox (312.38776pt too wide) in paragraph at lines 111--120
 [][] 
 []

[31]
File: figures/uporto-feup.pdf Graphic file (type pdf)
<use figures/uporto-feup.pdf>
Package pdftex.def Info: figures/uporto-feup.pdf  used on input line 160.
(pdftex.def)             Requested size: 338.26291pt x 126.47218pt.
 [32] [33] [34]) [35]
\openout2 = `04_sys_validation.aux'.

 (./04_sys_validation.tex
Chapter 4.

LaTeX Warning: Reference `' on page 36 undefined on input line 18.


LaTeX Warning: Reference `' on page 36 undefined on input line 24.

[36




] [37]

LaTeX Warning: Reference `fig:' on page 38 undefined on input line 82.

[38]) [39]
\openout2 = `05_conclusions.aux'.

 (./05_conclusions.tex
Chapter 5.
) [40




] (./main.bbl
LaTeX Font Info:    Trying to load font information for T1+pcrs on input line 1
0.

(/usr/share/texlive/texmf-dist/tex/latex/courier-scaled/t1pcrs.fd
File: t1pcrs.fd 2004/07/09 scalable font definitions for T1/pcrs.
)
LaTeX Font Info:    Font shape `T1/pcrs/m/n' will be
(Font)              scaled to size 10.40245pt on input line 10.

Underfull \hbox (badness 5696) in paragraph at lines 59--65
[]\T1/ptm/m/n/10.95 ETSI.  3rd gen-er-a-tion part-ner-ship project; tech-ni-cal
 spec-i-fi-ca-tion group ra-dio
 []


Underfull \hbox (badness 6592) in paragraph at lines 59--65
\T1/ptm/m/n/10.95 ac-cess net-work; nr; ar-chi-tec-ture de-scrip-tion, 2022.  A
c-cessed on: De-cem-
 []


Underfull \hbox (badness 1735) in paragraph at lines 67--72
[]\T1/ptm/m/n/10.95 Lumenci.  Evo-lu-tion of ran: The road from 1g to 5g, 2023.
  Ac-cessed: De-
 []


Underfull \hbox (badness 2961) in paragraph at lines 67--72
\T1/ptm/m/n/10.95 cem-ber 26, 2023.  URL: [][]$\T1/pcrs/m/n/10.95 https : / / w
ww . lumenci . com / research-[]articles /
 []

[41




]
Underfull \hbox (badness 2772) in paragraph at lines 89--94
[]\T1/ptm/m/n/10.95 O-RAN Soft-ware Com-mu-nity.  O-ran ar-chi-tec-ture.  Ac-ce
ssed on: Jan-uary 03,
 []


Underfull \hbox (badness 2717) in paragraph at lines 89--94
\T1/ptm/m/n/10.95 2024.  URL: [][]$\T1/pcrs/m/n/10.95 https : / / docs . o-[]ra
n-[]sc . org / en / e-[]release / architecture /
 []

[42]
./main.bbl:246: Misplaced alignment tab character &.
l.246 \newblock {\em IEEE Communications Surveys &
                                                   Tutorials}, 26(1):258--30...
I can't figure out why you would want to use a tab mark
here. If you just want an ampersand, the remedy is
simple: Just type `I\&' now. But if some right brace
up above has ended a previous alignment prematurely,
you're probably due for more error messages, and you
might try typing `S' now just to see what is salvageable.

[43]) [44]
\openout2 = `99_appendix.aux'.

 (./99_appendix.tex
Appendix A.
) [45


] (/home/carol/Downloads/Dissertation_doc/out/main.aux
(/home/carol/Downloads/Dissertation_doc/out/00_resumo.aux)
(/home/carol/Downloads/Dissertation_doc/out/00_abstract.aux)
(/home/carol/Downloads/Dissertation_doc/out/00_ODS.aux)
(/home/carol/Downloads/Dissertation_doc/out/00_acknows.aux)
(/home/carol/Downloads/Dissertation_doc/out/00_abbrevs.aux)
(/home/carol/Downloads/Dissertation_doc/out/01_introduction.aux)
(/home/carol/Downloads/Dissertation_doc/out/02_state_of_the_art.aux)
(/home/carol/Downloads/Dissertation_doc/out/03_sys_specs_design_impl.aux)
(/home/carol/Downloads/Dissertation_doc/out/04_sys_validation.aux)
(/home/carol/Downloads/Dissertation_doc/out/05_conclusions.aux)
(/home/carol/Downloads/Dissertation_doc/out/99_appendix.aux))

LaTeX Warning: There were undefined references.

Package rerunfilecheck Info: File `main.out' has not changed.
(rerunfilecheck)             Checksum: 10B82327959967C304E1ECE522C1DB12;9581.
 ) 
Here is how much of TeX's memory you used:
 15418 strings out of 478287
 258570 string characters out of 5849289
 822981 words of memory out of 5000000
 33056 multiletter control sequences out of 15000+600000
 521001 words of font info for 77 fonts, out of 8000000 for 9000
 1141 hyphenation exceptions out of 8191
 75i,12n,77p,1703b,742s stack positions out of 5000i,500n,10000p,200000b,80000s
{/usr/share/texlive/texmf-dist/fonts/enc/dvips/base/8r.enc}</usr/share/texliv
e/texmf-dist/fonts/type1/urw/courier/ucrr8a.pfb></usr/share/texlive/texmf-dist/
fonts/type1/urw/times/utmb8a.pfb></usr/share/texlive/texmf-dist/fonts/type1/urw
/times/utmr8a.pfb></usr/share/texlive/texmf-dist/fonts/type1/urw/times/utmr8a.p
fb></usr/share/texlive/texmf-dist/fonts/type1/urw/times/utmri8a.pfb>
Output written on /home/carol/Downloads/Dissertation_doc/out/main.pdf (59 pages
, 1165868 bytes).
PDF statistics:
 945 PDF objects out of 1000 (max. 8388607)
 817 compressed objects within 9 object streams
 212 named destinations out of 1000 (max. 500000)
 542 words of extra memory for PDF output out of 10000 (max. 10000000)

