\BOOKMARK [0][-]{init.0}{\376\377\000F\000r\000o\000n\000t\000\040\000P\000a\000g\000e}{}% 1
\BOOKMARK [0][-]{contents.0}{\376\377\000T\000a\000b\000l\000e\000\040\000o\000f\000\040\000C\000o\000n\000t\000e\000n\000t\000s}{}% 2
\BOOKMARK [0][-]{figures.0}{\376\377\000L\000i\000s\000t\000\040\000o\000f\000\040\000F\000i\000g\000u\000r\000e\000s}{}% 3
\BOOKMARK [0][-]{tables.0}{\376\377\000L\000i\000s\000t\000\040\000o\000f\000\040\000T\000a\000b\000l\000e\000s}{}% 4
\BOOKMARK [0][-]{chapter.1}{\376\377\0001\000\040\000I\000n\000t\000r\000o\000d\000u\000c\000t\000i\000o\000n}{}% 5
\BOOKMARK [1][-]{section.1.1}{\376\377\0001\000.\0001\000\040\000C\000o\000n\000t\000e\000x\000t}{chapter.1}% 6
\BOOKMARK [1][-]{section.1.2}{\376\377\0001\000.\0002\000\040\000M\000o\000t\000i\000v\000a\000t\000i\000o\000n\000\040\000a\000n\000d\000\040\000P\000r\000o\000b\000l\000e\000m}{chapter.1}% 7
\BOOKMARK [1][-]{section.1.3}{\376\377\0001\000.\0003\000\040\000O\000b\000j\000e\000c\000t\000i\000v\000e\000s}{chapter.1}% 8
\BOOKMARK [1][-]{section.1.4}{\376\377\0001\000.\0004\000\040\000C\000o\000n\000t\000r\000i\000b\000u\000t\000i\000o\000n\000s}{chapter.1}% 9
\BOOKMARK [1][-]{section.1.5}{\376\377\0001\000.\0005\000\040\000D\000o\000c\000u\000m\000e\000n\000t\000\040\000S\000t\000r\000u\000c\000t\000u\000r\000e}{chapter.1}% 10
\BOOKMARK [0][-]{chapter.2}{\376\377\0002\000\040\000S\000t\000a\000t\000e\000\040\000o\000f\000\040\000t\000h\000e\000\040\000a\000r\000t}{}% 11
\BOOKMARK [1][-]{section.2.1}{\376\377\0002\000.\0001\000\040\0005\000G\000\040\000a\000n\000d\000\040\0006\000G\000\040\000C\000h\000a\000r\000a\000c\000t\000e\000r\000i\000z\000a\000t\000i\000o\000n}{chapter.2}% 12
\BOOKMARK [1][-]{section.2.2}{\376\377\0002\000.\0002\000\040\0005\000G\000\040\000A\000r\000c\000h\000i\000t\000e\000c\000t\000u\000r\000e}{chapter.2}% 13
\BOOKMARK [1][-]{section.2.3}{\376\377\0002\000.\0003\000\040\000R\000A\000N\000\040\000D\000e\000p\000l\000o\000y\000m\000e\000n\000t\000\040\000A\000p\000p\000r\000o\000a\000c\000h\000e\000s}{chapter.2}% 14
\BOOKMARK [1][-]{section.2.4}{\376\377\0002\000.\0004\000\040\000O\000-\000R\000A\000N\000\040\000A\000r\000c\000h\000i\000t\000e\000c\000t\000u\000r\000e}{chapter.2}% 15
\BOOKMARK [2][-]{subsection.2.4.1}{\376\377\0002\000.\0004\000.\0001\000\040\000O\000-\000R\000A\000N\000\040\000C\000o\000m\000p\000o\000n\000e\000n\000t\000s}{section.2.4}% 16
\BOOKMARK [2][-]{subsection.2.4.2}{\376\377\0002\000.\0004\000.\0002\000\040\000O\000-\000R\000A\000N\000\040\000I\000n\000t\000e\000r\000f\000a\000c\000e\000s}{section.2.4}% 17
\BOOKMARK [1][-]{section.2.5}{\376\377\0002\000.\0005\000\040\000C\000o\000m\000p\000u\000t\000e\000r\000\040\000V\000i\000s\000i\000o\000n\000-\000b\000a\000s\000e\000d\000\040\000d\000e\000t\000e\000c\000t\000i\000o\000n\000\040\000a\000n\000d\000\040\000t\000r\000a\000c\000k\000i\000n\000g\000\040\000s\000o\000l\000u\000t\000i\000o\000n\000s}{chapter.2}% 18
\BOOKMARK [2][-]{subsection.2.5.1}{\376\377\0002\000.\0005\000.\0001\000\040\000D\000e\000t\000e\000c\000t\000i\000o\000n\000\040\000m\000o\000d\000e\000l\000s}{section.2.5}% 19
\BOOKMARK [2][-]{subsection.2.5.2}{\376\377\0002\000.\0005\000.\0002\000\040\000T\000r\000a\000c\000k\000i\000n\000g\000\040\000m\000o\000d\000e\000l\000s}{section.2.5}% 20
\BOOKMARK [2][-]{subsection.2.5.3}{\376\377\0002\000.\0005\000.\0003\000\040\000O\000p\000e\000n\000-\000s\000o\000u\000r\000c\000e\000\040\000T\000o\000o\000l\000s}{section.2.5}% 21
\BOOKMARK [1][-]{section.2.6}{\376\377\0002\000.\0006\000\040\000R\000e\000l\000a\000t\000e\000d\000\040\000W\000o\000r\000k}{chapter.2}% 22
\BOOKMARK [1][-]{section.2.7}{\376\377\0002\000.\0007\000\040\000C\000O\000N\000V\000E\000R\000G\000E\000\040\000p\000r\000o\000j\000e\000c\000t}{chapter.2}% 23
\BOOKMARK [1][-]{section.2.8}{\376\377\0002\000.\0008\000\040\000S\000u\000m\000m\000a\000r\000y}{chapter.2}% 24
\BOOKMARK [0][-]{chapter.3}{\376\377\0003\000\040\000S\000y\000s\000t\000e\000m\000\040\000R\000e\000q\000u\000i\000r\000e\000m\000e\000n\000t\000s\000,\000\040\000S\000p\000e\000c\000i\000f\000i\000c\000a\000t\000i\000o\000n\000,\000\040\000D\000e\000s\000i\000g\000n\000\040\000a\000n\000d\000\040\000I\000m\000p\000l\000e\000m\000e\000n\000t\000a\000t\000i\000o\000n}{}% 25
\BOOKMARK [1][-]{section.3.1}{\376\377\0003\000.\0001\000\040\000S\000y\000s\000t\000e\000m\000\040\000R\000e\000q\000u\000i\000r\000e\000m\000e\000n\000t\000s\000\040\000a\000n\000d\000\040\000S\000p\000e\000c\000i\000f\000i\000c\000a\000t\000i\000o\000n}{chapter.3}% 26
\BOOKMARK [1][-]{section.3.2}{\376\377\0003\000.\0002\000\040\000P\000r\000o\000p\000o\000s\000e\000d\000\040\000V\000i\000s\000i\000o\000n\000\040\000M\000o\000d\000u\000l\000e}{chapter.3}% 27
\BOOKMARK [2][-]{subsection.3.2.1}{\376\377\0003\000.\0002\000.\0001\000\040\000P\000r\000e\000d\000i\000c\000t\000i\000o\000n\000\040\000o\000f\000\040\000B\000l\000o\000c\000k\000a\000g\000e\000\040\000M\000e\000s\000s\000a\000g\000e\000s}{section.3.2}% 28
\BOOKMARK [2][-]{subsection.3.2.2}{\376\377\0003\000.\0002\000.\0002\000\040\000B\000l\000o\000c\000k\000i\000n\000g\000\040\000m\000e\000s\000s\000a\000g\000e\000s}{section.3.2}% 29
\BOOKMARK [2][-]{subsection.3.2.3}{\376\377\0003\000.\0002\000.\0003\000\040\000P\000a\000s\000t\000\040\000B\000l\000o\000c\000k\000a\000g\000e}{section.3.2}% 30
\BOOKMARK [2][-]{subsection.3.2.4}{\376\377\0003\000.\0002\000.\0004\000\040\000L\000o\000c\000a\000t\000i\000o\000n\000\040\000o\000f\000\040\000U\000E\000s}{section.3.2}% 31
\BOOKMARK [1][-]{section.3.3}{\376\377\0003\000.\0003\000\040\000S\000y\000s\000t\000e\000m\000\040\000D\000e\000s\000i\000g\000n}{chapter.3}% 32
\BOOKMARK [2][-]{subsection.3.3.1}{\376\377\0003\000.\0003\000.\0001\000\040\000S\000o\000f\000t\000w\000a\000r\000e}{section.3.3}% 33
\BOOKMARK [2][-]{subsection.3.3.2}{\376\377\0003\000.\0003\000.\0002\000\040\000H\000a\000r\000d\000w\000a\000r\000e}{section.3.3}% 34
\BOOKMARK [1][-]{section.3.4}{\376\377\0003\000.\0004\000\040\000S\000y\000s\000t\000e\000m\000\040\000I\000m\000p\000l\000e\000m\000e\000n\000t\000a\000t\000i\000o\000n}{chapter.3}% 35
\BOOKMARK [2][-]{subsection.3.4.1}{\376\377\0003\000.\0004\000.\0001\000\040\000O\000A\000I\000\040\0005\000G\000\040\000C\000o\000r\000e\000\040\000N\000e\000t\000w\000o\000r\000k}{section.3.4}% 36
\BOOKMARK [2][-]{subsection.3.4.2}{\376\377\0003\000.\0004\000.\0002\000\040\000O\000A\000I\000\040\000g\000N\000B}{section.3.4}% 37
\BOOKMARK [2][-]{subsection.3.4.3}{\376\377\0003\000.\0004\000.\0003\000\040\000O\000A\000I\000\040\0005\000G\000\040\000U\000E}{section.3.4}% 38
\BOOKMARK [2][-]{subsection.3.4.4}{\376\377\0003\000.\0004\000.\0004\000\040\000F\000l\000e\000x\000R\000I\000C}{section.3.4}% 39
\BOOKMARK [1][-]{section.3.5}{\376\377\0003\000.\0005\000\040\000S\000u\000m\000m\000a\000r\000y}{chapter.3}% 40
\BOOKMARK [0][-]{chapter.4}{\376\377\0004\000\040\000S\000y\000s\000t\000e\000m\000\040\000V\000a\000l\000i\000d\000a\000t\000i\000o\000n}{}% 41
\BOOKMARK [1][-]{section.4.1}{\376\377\0004\000.\0001\000\040\000M\000e\000t\000h\000o\000d\000o\000l\000o\000g\000y}{chapter.4}% 42
\BOOKMARK [1][-]{section.4.2}{\376\377\0004\000.\0002\000\040\000C\000o\000r\000e\000\040\000N\000e\000t\000w\000o\000r\000k}{chapter.4}% 43
\BOOKMARK [1][-]{section.4.3}{\376\377\0004\000.\0003\000\040\000F\000l\000e\000X\000R\000I\000C}{chapter.4}% 44
\BOOKMARK [1][-]{section.4.4}{\376\377\0004\000.\0004\000\040\000g\000N\000B}{chapter.4}% 45
\BOOKMARK [1][-]{section.4.5}{\376\377\0004\000.\0005\000\040\000U\000E}{chapter.4}% 46
\BOOKMARK [1][-]{section.4.6}{\376\377\0004\000.\0006\000\040\000C\000o\000m\000p\000u\000t\000e\000r\000\040\000V\000i\000s\000i\000o\000n\000\040\000M\000o\000d\000u\000l\000e}{chapter.4}% 47
\BOOKMARK [1][-]{section.4.7}{\376\377\0004\000.\0007\000\040\000M\000o\000b\000i\000l\000i\000t\000y\000\040\000M\000a\000n\000a\000g\000e\000m\000e\000n\000t\000\040\000x\000A\000p\000p}{chapter.4}% 48
\BOOKMARK [1][-]{section.4.8}{\376\377\0004\000.\0008\000\040\000U\000s\000e\000\040\000c\000a\000s\000e}{chapter.4}% 49
\BOOKMARK [2][-]{subsection.4.8.1}{\376\377\0004\000.\0008\000.\0001\000\040\000S\000c\000e\000n\000a\000r\000i\000o\000\040\0001\000:\000\040\000U\000E\000\040\000B\000l\000o\000c\000k\000e\000d\000\040\000b\000y\000\040\000a\000n\000\040\000O\000b\000s\000t\000a\000c\000l\000e}{section.4.8}% 50
\BOOKMARK [2][-]{subsection.4.8.2}{\376\377\0004\000.\0008\000.\0002\000\040\000S\000c\000e\000n\000a\000r\000i\000o\000\040\0002\000:\000\040\000U\000E\000\040\000M\000o\000v\000i\000n\000g\000\040\000A\000w\000a\000y\000\040\000f\000r\000o\000m\000\040\000t\000h\000e\000\040\000g\000N\000B}{section.4.8}% 51
\BOOKMARK [1][-]{section.4.9}{\376\377\0004\000.\0009\000\040\000D\000i\000s\000c\000u\000s\000s\000i\000o\000n}{chapter.4}% 52
\BOOKMARK [0][-]{chapter.5}{\376\377\0005\000\040\000C\000o\000n\000c\000l\000u\000s\000i\000o\000n}{}% 53
\BOOKMARK [1][-]{section.5.1}{\376\377\0005\000.\0001\000\040\000C\000o\000n\000c\000l\000u\000s\000i\000o\000n\000s}{chapter.5}% 54
\BOOKMARK [1][-]{section.5.2}{\376\377\0005\000.\0002\000\040\000K\000n\000o\000w\000n\000\040\000L\000i\000m\000i\000t\000a\000t\000i\000o\000n\000s\000\040\000a\000n\000d\000\040\000F\000u\000t\000u\000r\000e\000\040\000W\000o\000r\000k}{chapter.5}% 55
\BOOKMARK [0][-]{section*.30}{\376\377\000R\000e\000f\000e\000r\000e\000n\000c\000e\000s}{}% 56
\BOOKMARK [0][-]{appendix.A}{\376\377\000A\000\040\000S\000u\000p\000p\000l\000e\000m\000e\000n\000t\000a\000r\000y\000\040\000R\000e\000s\000o\000u\000r\000c\000e\000s}{}% 57
